<?xml version="1.0" encoding="UTF-8"?>
<!-- Generated by org.testng.reporters.JUnitReportReporter -->
<testsuite skipped="0" hostname="DESKTOP-9IBEIN7" name="com.training.sanity.tests.LoginTests" tests="1" failures="0" timestamp="2019-09-23T20:14:03 CDT" time="14.514" errors="0">
  <testcase name="validLoginTest" time="14.514" classname="com.training.sanity.tests.LoginTests"/>
</testsuite> <!-- com.training.sanity.tests.LoginTests -->
